<?xml version="1.0" encoding="UTF-8"?>
<testng-results ignored="0" total="5" passed="2" failed="0" skipped="3">
  <reporter-output>
  </reporter-output>
  <suite started-at="2021-09-02T20:01:54 IST" name="Default suite" finished-at="2021-09-02T20:02:41 IST" duration-ms="46045">
    <groups>
    </groups>
    <test started-at="2021-09-02T20:01:54 IST" name="Default test" finished-at="2021-09-02T20:02:41 IST" duration-ms="46045">
      <class name="com.OrangeHRM.testcases.Logintest">
        <test-method signature="dologin(java.util.Hashtable)[pri:0, instance:com.OrangeHRM.testcases.Logintest@7526515b]" started-at="2021-09-02T20:01:55 IST" name="dologin" data-provider="getdata" finished-at="2021-09-02T20:02:23 IST" duration-ms="28122" status="PASS">
          <params>
            <param index="0">
              <value>
                <![CDATA[{Username=Admin, ExpectedResult=Success, Password=admin123, Runmode=Y, Browser=Chrome}]]>
              </value>
            </param>
          </params>
          <reporter-output>
          </reporter-output>
        </test-method> <!-- dologin -->
        <test-method is-config="true" signature="getResult(org.testng.ITestResult)[pri:0, instance:com.OrangeHRM.testcases.Logintest@7526515b]" started-at="2021-09-02T20:02:23 IST" name="getResult" finished-at="2021-09-02T20:02:23 IST" duration-ms="3" status="PASS">
          <params>
            <param index="0">
              <value>
                <![CDATA[[TestResult name=dologin status=SUCCESS method=Logintest.dologin(java.util.Hashtable)[pri:0, instance:com.OrangeHRM.testcases.Logintest@7526515b] output={null}]]]>
              </value>
            </param>
          </params>
          <reporter-output>
          </reporter-output>
        </test-method> <!-- getResult -->
        <test-method signature="dologin(java.util.Hashtable)[pri:0, instance:com.OrangeHRM.testcases.Logintest@7526515b]" started-at="2021-09-02T20:02:23 IST" name="dologin" data-provider="getdata" finished-at="2021-09-02T20:02:40 IST" duration-ms="17053" status="PASS">
          <params>
            <param index="0">
              <value>
                <![CDATA[{Username=Sushanth@gmail.com, ExpectedResult=Unsucces, Password=12345, Runmode=Y, Browser=Chrome}]]>
              </value>
            </param>
          </params>
          <reporter-output>
          </reporter-output>
        </test-method> <!-- dologin -->
        <test-method is-config="true" signature="getResult(org.testng.ITestResult)[pri:0, instance:com.OrangeHRM.testcases.Logintest@7526515b]" started-at="2021-09-02T20:02:40 IST" name="getResult" finished-at="2021-09-02T20:02:40 IST" duration-ms="1" status="PASS">
          <params>
            <param index="0">
              <value>
                <![CDATA[[TestResult name=dologin status=SUCCESS method=Logintest.dologin(java.util.Hashtable)[pri:0, instance:com.OrangeHRM.testcases.Logintest@7526515b] output={null}]]]>
              </value>
            </param>
          </params>
          <reporter-output>
          </reporter-output>
        </test-method> <!-- getResult -->
        <test-method signature="dologin(java.util.Hashtable)[pri:0, instance:com.OrangeHRM.testcases.Logintest@7526515b]" started-at="2021-09-02T20:02:40 IST" name="dologin" data-provider="getdata" finished-at="2021-09-02T20:02:41 IST" duration-ms="16" status="SKIP">
          <params>
            <param index="0">
              <value>
                <![CDATA[{Username=amaresh@gmail.com, ExpectedResult=Unsucces, Password=768, Runmode=N, Browser=Chrome}]]>
              </value>
            </param>
          </params>
          <exception class="org.testng.SkipException">
            <message>
              <![CDATA[Skipping the test as Runmode is N]]>
            </message>
            <full-stacktrace>
              <![CDATA[org.testng.SkipException: Skipping the test as Runmode is N
at com.OrangeHRM.testcases.Logintest.dologin(Logintest.java:27)
at java.base/jdk.internal.reflect.NativeMethodAccessorImpl.invoke0(Native Method)
at java.base/jdk.internal.reflect.NativeMethodAccessorImpl.invoke(NativeMethodAccessorImpl.java:62)
at java.base/jdk.internal.reflect.DelegatingMethodAccessorImpl.invoke(DelegatingMethodAccessorImpl.java:43)
at java.base/java.lang.reflect.Method.invoke(Method.java:564)
at org.testng.internal.MethodInvocationHelper.invokeMethod(MethodInvocationHelper.java:133)
at org.testng.internal.TestInvoker.invokeMethod(TestInvoker.java:598)
at org.testng.internal.TestInvoker.invokeTestMethod(TestInvoker.java:173)
at org.testng.internal.MethodRunner.runInSequence(MethodRunner.java:46)
at org.testng.internal.TestInvoker$MethodInvocationAgent.invoke(TestInvoker.java:824)
at org.testng.internal.TestInvoker.invokeTestMethods(TestInvoker.java:146)
at org.testng.internal.TestMethodWorker.invokeTestMethods(TestMethodWorker.java:146)
at org.testng.internal.TestMethodWorker.run(TestMethodWorker.java:128)
at java.base/java.util.ArrayList.forEach(ArrayList.java:1510)
at org.testng.TestRunner.privateRun(TestRunner.java:794)
at org.testng.TestRunner.run(TestRunner.java:596)
at org.testng.SuiteRunner.runTest(SuiteRunner.java:377)
at org.testng.SuiteRunner.runSequentially(SuiteRunner.java:371)
at org.testng.SuiteRunner.privateRun(SuiteRunner.java:332)
at org.testng.SuiteRunner.run(SuiteRunner.java:276)
at org.testng.SuiteRunnerWorker.runSuite(SuiteRunnerWorker.java:53)
at org.testng.SuiteRunnerWorker.run(SuiteRunnerWorker.java:96)
at org.testng.TestNG.runSuitesSequentially(TestNG.java:1212)
at org.testng.TestNG.runSuitesLocally(TestNG.java:1134)
at org.testng.TestNG.runSuites(TestNG.java:1063)
at org.testng.TestNG.run(TestNG.java:1031)
at org.testng.remote.AbstractRemoteTestNG.run(AbstractRemoteTestNG.java:115)
at org.testng.remote.RemoteTestNG.initAndRun(RemoteTestNG.java:251)
at org.testng.remote.RemoteTestNG.main(RemoteTestNG.java:77)
]]>
            </full-stacktrace>
          </exception> <!-- org.testng.SkipException -->
          <reporter-output>
          </reporter-output>
        </test-method> <!-- dologin -->
        <test-method is-config="true" signature="getResult(org.testng.ITestResult)[pri:0, instance:com.OrangeHRM.testcases.Logintest@7526515b]" started-at="2021-09-02T20:02:41 IST" name="getResult" finished-at="2021-09-02T20:02:41 IST" duration-ms="4" status="PASS">
          <params>
            <param index="0">
              <value>
                <![CDATA[[TestResult name=dologin status=SKIP method=Logintest.dologin(java.util.Hashtable)[pri:0, instance:com.OrangeHRM.testcases.Logintest@7526515b] output={null}]]]>
              </value>
            </param>
          </params>
          <reporter-output>
          </reporter-output>
        </test-method> <!-- getResult -->
        <test-method signature="dologin(java.util.Hashtable)[pri:0, instance:com.OrangeHRM.testcases.Logintest@7526515b]" started-at="2021-09-02T20:02:41 IST" name="dologin" data-provider="getdata" finished-at="2021-09-02T20:02:41 IST" duration-ms="6" status="SKIP">
          <params>
            <param index="0">
              <value>
                <![CDATA[{Username=abc@gmail.com, ExpectedResult=Unsucces, Password=abc123, Runmode=N, Browser=Chrome}]]>
              </value>
            </param>
          </params>
          <exception class="org.testng.SkipException">
            <message>
              <![CDATA[Skipping the test as Runmode is N]]>
            </message>
            <full-stacktrace>
              <![CDATA[org.testng.SkipException: Skipping the test as Runmode is N
at com.OrangeHRM.testcases.Logintest.dologin(Logintest.java:27)
at java.base/jdk.internal.reflect.NativeMethodAccessorImpl.invoke0(Native Method)
at java.base/jdk.internal.reflect.NativeMethodAccessorImpl.invoke(NativeMethodAccessorImpl.java:62)
at java.base/jdk.internal.reflect.DelegatingMethodAccessorImpl.invoke(DelegatingMethodAccessorImpl.java:43)
at java.base/java.lang.reflect.Method.invoke(Method.java:564)
at org.testng.internal.MethodInvocationHelper.invokeMethod(MethodInvocationHelper.java:133)
at org.testng.internal.TestInvoker.invokeMethod(TestInvoker.java:598)
at org.testng.internal.TestInvoker.invokeTestMethod(TestInvoker.java:173)
at org.testng.internal.MethodRunner.runInSequence(MethodRunner.java:46)
at org.testng.internal.TestInvoker$MethodInvocationAgent.invoke(TestInvoker.java:824)
at org.testng.internal.TestInvoker.invokeTestMethods(TestInvoker.java:146)
at org.testng.internal.TestMethodWorker.invokeTestMethods(TestMethodWorker.java:146)
at org.testng.internal.TestMethodWorker.run(TestMethodWorker.java:128)
at java.base/java.util.ArrayList.forEach(ArrayList.java:1510)
at org.testng.TestRunner.privateRun(TestRunner.java:794)
at org.testng.TestRunner.run(TestRunner.java:596)
at org.testng.SuiteRunner.runTest(SuiteRunner.java:377)
at org.testng.SuiteRunner.runSequentially(SuiteRunner.java:371)
at org.testng.SuiteRunner.privateRun(SuiteRunner.java:332)
at org.testng.SuiteRunner.run(SuiteRunner.java:276)
at org.testng.SuiteRunnerWorker.runSuite(SuiteRunnerWorker.java:53)
at org.testng.SuiteRunnerWorker.run(SuiteRunnerWorker.java:96)
at org.testng.TestNG.runSuitesSequentially(TestNG.java:1212)
at org.testng.TestNG.runSuitesLocally(TestNG.java:1134)
at org.testng.TestNG.runSuites(TestNG.java:1063)
at org.testng.TestNG.run(TestNG.java:1031)
at org.testng.remote.AbstractRemoteTestNG.run(AbstractRemoteTestNG.java:115)
at org.testng.remote.RemoteTestNG.initAndRun(RemoteTestNG.java:251)
at org.testng.remote.RemoteTestNG.main(RemoteTestNG.java:77)
]]>
            </full-stacktrace>
          </exception> <!-- org.testng.SkipException -->
          <reporter-output>
          </reporter-output>
        </test-method> <!-- dologin -->
        <test-method is-config="true" signature="getResult(org.testng.ITestResult)[pri:0, instance:com.OrangeHRM.testcases.Logintest@7526515b]" started-at="2021-09-02T20:02:41 IST" name="getResult" finished-at="2021-09-02T20:02:41 IST" duration-ms="1" status="PASS">
          <params>
            <param index="0">
              <value>
                <![CDATA[[TestResult name=dologin status=SKIP method=Logintest.dologin(java.util.Hashtable)[pri:0, instance:com.OrangeHRM.testcases.Logintest@7526515b] output={null}]]]>
              </value>
            </param>
          </params>
          <reporter-output>
          </reporter-output>
        </test-method> <!-- getResult -->
        <test-method signature="dologin(java.util.Hashtable)[pri:0, instance:com.OrangeHRM.testcases.Logintest@7526515b]" started-at="2021-09-02T20:02:41 IST" name="dologin" data-provider="getdata" finished-at="2021-09-02T20:02:41 IST" duration-ms="1" status="SKIP">
          <params>
            <param index="0">
              <value>
                <![CDATA[{Username=xyz@gmail.com, ExpectedResult=Unsucces, Password=xyz123, Runmode=N, Browser=Chrome}]]>
              </value>
            </param>
          </params>
          <exception class="org.testng.SkipException">
            <message>
              <![CDATA[Skipping the test as Runmode is N]]>
            </message>
            <full-stacktrace>
              <![CDATA[org.testng.SkipException: Skipping the test as Runmode is N
at com.OrangeHRM.testcases.Logintest.dologin(Logintest.java:27)
at java.base/jdk.internal.reflect.NativeMethodAccessorImpl.invoke0(Native Method)
at java.base/jdk.internal.reflect.NativeMethodAccessorImpl.invoke(NativeMethodAccessorImpl.java:62)
at java.base/jdk.internal.reflect.DelegatingMethodAccessorImpl.invoke(DelegatingMethodAccessorImpl.java:43)
at java.base/java.lang.reflect.Method.invoke(Method.java:564)
at org.testng.internal.MethodInvocationHelper.invokeMethod(MethodInvocationHelper.java:133)
at org.testng.internal.TestInvoker.invokeMethod(TestInvoker.java:598)
at org.testng.internal.TestInvoker.invokeTestMethod(TestInvoker.java:173)
at org.testng.internal.MethodRunner.runInSequence(MethodRunner.java:46)
at org.testng.internal.TestInvoker$MethodInvocationAgent.invoke(TestInvoker.java:824)
at org.testng.internal.TestInvoker.invokeTestMethods(TestInvoker.java:146)
at org.testng.internal.TestMethodWorker.invokeTestMethods(TestMethodWorker.java:146)
at org.testng.internal.TestMethodWorker.run(TestMethodWorker.java:128)
at java.base/java.util.ArrayList.forEach(ArrayList.java:1510)
at org.testng.TestRunner.privateRun(TestRunner.java:794)
at org.testng.TestRunner.run(TestRunner.java:596)
at org.testng.SuiteRunner.runTest(SuiteRunner.java:377)
at org.testng.SuiteRunner.runSequentially(SuiteRunner.java:371)
at org.testng.SuiteRunner.privateRun(SuiteRunner.java:332)
at org.testng.SuiteRunner.run(SuiteRunner.java:276)
at org.testng.SuiteRunnerWorker.runSuite(SuiteRunnerWorker.java:53)
at org.testng.SuiteRunnerWorker.run(SuiteRunnerWorker.java:96)
at org.testng.TestNG.runSuitesSequentially(TestNG.java:1212)
at org.testng.TestNG.runSuitesLocally(TestNG.java:1134)
at org.testng.TestNG.runSuites(TestNG.java:1063)
at org.testng.TestNG.run(TestNG.java:1031)
at org.testng.remote.AbstractRemoteTestNG.run(AbstractRemoteTestNG.java:115)
at org.testng.remote.RemoteTestNG.initAndRun(RemoteTestNG.java:251)
at org.testng.remote.RemoteTestNG.main(RemoteTestNG.java:77)
]]>
            </full-stacktrace>
          </exception> <!-- org.testng.SkipException -->
          <reporter-output>
          </reporter-output>
        </test-method> <!-- dologin -->
        <test-method is-config="true" signature="getResult(org.testng.ITestResult)[pri:0, instance:com.OrangeHRM.testcases.Logintest@7526515b]" started-at="2021-09-02T20:02:41 IST" name="getResult" finished-at="2021-09-02T20:02:41 IST" duration-ms="1" status="PASS">
          <params>
            <param index="0">
              <value>
                <![CDATA[[TestResult name=dologin status=SKIP method=Logintest.dologin(java.util.Hashtable)[pri:0, instance:com.OrangeHRM.testcases.Logintest@7526515b] output={null}]]]>
              </value>
            </param>
          </params>
          <reporter-output>
          </reporter-output>
        </test-method> <!-- getResult -->
        <test-method is-config="true" signature="quit()[pri:0, instance:com.OrangeHRM.testcases.Logintest@7526515b]" started-at="2021-09-02T20:02:41 IST" name="quit" finished-at="2021-09-02T20:02:41 IST" duration-ms="463" status="PASS">
          <reporter-output>
          </reporter-output>
        </test-method> <!-- quit -->
      </class> <!-- com.OrangeHRM.testcases.Logintest -->
    </test> <!-- Default test -->
  </suite> <!-- Default suite -->
</testng-results>
